TN:
SF:script/DeployCrowdFunding.s.sol
DA:10,12
FN:10,DeployCrowdFunding.run
FNDA:12,DeployCrowdFunding.run
DA:11,12
DA:12,12
DA:14,12
DA:15,12
FNF:1
FNH:1
LF:5
LH:5
BRF:0
BRH:0
end_of_record
TN:
SF:src/CrowdFunding.sol
DA:79,16
FN:79,CrowdFunding.createCampaign
FNDA:16,CrowdFunding.createCampaign
DA:86,16
DA:87,15
DA:88,14
DA:90,13
DA:92,13
DA:93,13
DA:94,13
DA:95,13
DA:96,13
DA:98,13
DA:100,13
DA:103,3
FN:103,CrowdFunding.donateToCampaign
FNDA:3,CrowdFunding.donateToCampaign
DA:104,3
DA:105,2
DA:107,2
DA:108,2
DA:109,2
DA:111,2
DA:112,2
BRDA:112,0,0,1
DA:113,1
DA:116,1
DA:134,6
FN:134,CrowdFunding._idShouldNotBeGreaterThanMaxId
FNDA:6,CrowdFunding._idShouldNotBeGreaterThanMaxId
DA:135,6
BRDA:135,1,0,1
DA:136,1
DA:145,16
FN:145,CrowdFunding._deadlineShouldBeInFuture
FNDA:16,CrowdFunding._deadlineShouldBeInFuture
DA:146,16
BRDA:146,2,0,1
DA:147,1
DA:156,15
FN:156,CrowdFunding._titleLengthCantExceeded64Bytes
FNDA:15,CrowdFunding._titleLengthCantExceeded64Bytes
DA:157,15
BRDA:157,3,0,1
DA:158,1
DA:167,14
FN:167,CrowdFunding._descriptionCantExceeded256Bytes
FNDA:14,CrowdFunding._descriptionCantExceeded256Bytes
DA:168,14
BRDA:168,4,0,1
DA:169,1
DA:183,1
FN:183,CrowdFunding.getDonatorsAndDonations
FNDA:1,CrowdFunding.getDonatorsAndDonations
DA:184,1
DA:185,1
DA:204,2
FN:204,CrowdFunding.getCampaign
FNDA:2,CrowdFunding.getCampaign
DA:205,2
DA:206,2
DA:216,3
FN:216,CrowdFunding.getCampaignsPaginated
FNDA:3,CrowdFunding.getCampaignsPaginated
DA:217,3
BRDA:217,5,0,1
DA:219,2
DA:221,2
DA:223,2
DA:225,2
DA:226,4
DA:229,2
DA:237,1
FN:237,CrowdFunding.getAllCampaigns
FNDA:1,CrowdFunding.getAllCampaigns
DA:238,1
DA:239,1
DA:240,2
DA:241,2
DA:244,1
FNF:10
FNH:10
LF:54
LH:54
BRF:6
BRH:6
end_of_record
TN:
SF:test/CrowdFundingTest.t.sol
DA:11,1
FN:11,RejectEther.fallback
FNDA:1,RejectEther.fallback
DA:12,1
FNF:1
FNH:1
LF:2
LH:2
BRF:0
BRH:0
end_of_record
